  [1m[35m (1.1ms)[0m  [1m[34mSELECT sqlite_version(*)[0m
  [1m[35m (0.5ms)[0m  [1m[34mSELECT sqlite_version(*)[0m
  [1m[35m (5.8ms)[0m  [1m[35mCREATE TABLE "schema_migrations" ("version" varchar NOT NULL PRIMARY KEY)[0m
  [1m[35m (4.5ms)[0m  [1m[35mCREATE TABLE "ar_internal_metadata" ("key" varchar NOT NULL PRIMARY KEY, "value" varchar, "created_at" datetime(6) NOT NULL, "updated_at" datetime(6) NOT NULL)[0m
  [1m[36mActiveRecord::SchemaMigration Pluck (0.1ms)[0m  [1m[34mSELECT "schema_migrations"."version" FROM "schema_migrations" ORDER BY "schema_migrations"."version" ASC[0m
Migrating to CreateWarehouses (20211207200317)
  [1m[36mTRANSACTION (0.1ms)[0m  [1m[36mbegin transaction[0m
  [1m[35m (0.4ms)[0m  [1m[35mCREATE TABLE "warehouses" ("id" integer PRIMARY KEY AUTOINCREMENT NOT NULL, "nome" varchar, "code" varchar, "created_at" datetime(6) NOT NULL, "updated_at" datetime(6) NOT NULL)[0m
  [1m[36mActiveRecord::SchemaMigration Create (0.2ms)[0m  [1m[32mINSERT INTO "schema_migrations" ("version") VALUES (?)[0m  [["version", "20211207200317"]]
  [1m[36mTRANSACTION (4.9ms)[0m  [1m[36mcommit transaction[0m
Migrating to AddDescriptionToWarehouse (20211208185634)
  [1m[36mTRANSACTION (0.1ms)[0m  [1m[36mbegin transaction[0m
  [1m[35m (0.4ms)[0m  [1m[35mALTER TABLE "warehouses" ADD "description" text[0m
  [1m[36mActiveRecord::SchemaMigration Create (0.2ms)[0m  [1m[32mINSERT INTO "schema_migrations" ("version") VALUES (?)[0m  [["version", "20211208185634"]]
  [1m[36mTRANSACTION (3.7ms)[0m  [1m[36mcommit transaction[0m
Migrating to AddAdressAndAreaAndPostalCodeToWarehouse (20211208190002)
  [1m[36mTRANSACTION (0.1ms)[0m  [1m[36mbegin transaction[0m
  [1m[35m (0.3ms)[0m  [1m[35mALTER TABLE "warehouses" ADD "adress" varchar[0m
  [1m[35m (0.2ms)[0m  [1m[35mALTER TABLE "warehouses" ADD "postal_code" varchar[0m
  [1m[35m (0.2ms)[0m  [1m[35mALTER TABLE "warehouses" ADD "city" varchar[0m
  [1m[35m (0.1ms)[0m  [1m[35mALTER TABLE "warehouses" ADD "state" varchar[0m
  [1m[35m (0.1ms)[0m  [1m[35mALTER TABLE "warehouses" ADD "total_area" integer[0m
  [1m[35m (0.1ms)[0m  [1m[35mALTER TABLE "warehouses" ADD "useful_area" integer[0m
  [1m[36mActiveRecord::SchemaMigration Create (0.2ms)[0m  [1m[32mINSERT INTO "schema_migrations" ("version") VALUES (?)[0m  [["version", "20211208190002"]]
  [1m[36mTRANSACTION (3.8ms)[0m  [1m[36mcommit transaction[0m
Migrating to CreateSuppliers (20211211192820)
  [1m[36mTRANSACTION (0.1ms)[0m  [1m[36mbegin transaction[0m
  [1m[35m (0.3ms)[0m  [1m[35mCREATE TABLE "suppliers" ("id" integer PRIMARY KEY AUTOINCREMENT NOT NULL, "namesoc" varchar, "ficname" varchar, "email" varchar, "cnpj" varchar, "tel" varchar, "address" varchar, "created_at" datetime(6) NOT NULL, "updated_at" datetime(6) NOT NULL)[0m
  [1m[36mActiveRecord::SchemaMigration Create (0.2ms)[0m  [1m[32mINSERT INTO "schema_migrations" ("version") VALUES (?)[0m  [["version", "20211211192820"]]
  [1m[36mTRANSACTION (4.4ms)[0m  [1m[36mcommit transaction[0m
Migrating to CreateProductModels (20211214193741)
  [1m[36mTRANSACTION (0.1ms)[0m  [1m[36mbegin transaction[0m
  [1m[35m (0.3ms)[0m  [1m[35mCREATE TABLE "product_models" ("id" integer PRIMARY KEY AUTOINCREMENT NOT NULL, "name" varchar, "weight" integer, "height" integer, "length" integer, "width" integer, "sku" varchar, "supplier_id" integer NOT NULL, "created_at" datetime(6) NOT NULL, "updated_at" datetime(6) NOT NULL, CONSTRAINT "fk_rails_634c37ccdc"
FOREIGN KEY ("supplier_id")
  REFERENCES "suppliers" ("id")
)[0m
  [1m[35m (0.1ms)[0m  [1m[35mCREATE INDEX "index_product_models_on_supplier_id" ON "product_models" ("supplier_id")[0m
  [1m[36mActiveRecord::SchemaMigration Create (0.2ms)[0m  [1m[32mINSERT INTO "schema_migrations" ("version") VALUES (?)[0m  [["version", "20211214193741"]]
  [1m[36mTRANSACTION (5.6ms)[0m  [1m[36mcommit transaction[0m
Migrating to DeviseCreateUsers (20211220221653)
  [1m[36mTRANSACTION (0.1ms)[0m  [1m[36mbegin transaction[0m
  [1m[35m (0.3ms)[0m  [1m[35mCREATE TABLE "users" ("id" integer PRIMARY KEY AUTOINCREMENT NOT NULL, "email" varchar DEFAULT '' NOT NULL, "encrypted_password" varchar DEFAULT '' NOT NULL, "reset_password_token" varchar, "reset_password_sent_at" datetime, "remember_created_at" datetime, "created_at" datetime(6) NOT NULL, "updated_at" datetime(6) NOT NULL)[0m
  [1m[35m (0.1ms)[0m  [1m[35mCREATE UNIQUE INDEX "index_users_on_email" ON "users" ("email")[0m
  [1m[35m (0.1ms)[0m  [1m[35mCREATE UNIQUE INDEX "index_users_on_reset_password_token" ON "users" ("reset_password_token")[0m
  [1m[36mActiveRecord::SchemaMigration Create (0.2ms)[0m  [1m[32mINSERT INTO "schema_migrations" ("version") VALUES (?)[0m  [["version", "20211220221653"]]
  [1m[36mTRANSACTION (4.2ms)[0m  [1m[36mcommit transaction[0m
Migrating to CreateProductBundles (20211222212503)
  [1m[36mTRANSACTION (0.1ms)[0m  [1m[36mbegin transaction[0m
  [1m[35m (0.3ms)[0m  [1m[35mCREATE TABLE "product_bundles" ("id" integer PRIMARY KEY AUTOINCREMENT NOT NULL, "name" varchar, "sku" varchar, "created_at" datetime(6) NOT NULL, "updated_at" datetime(6) NOT NULL)[0m
  [1m[36mActiveRecord::SchemaMigration Create (0.2ms)[0m  [1m[32mINSERT INTO "schema_migrations" ("version") VALUES (?)[0m  [["version", "20211222212503"]]
  [1m[36mTRANSACTION (5.5ms)[0m  [1m[36mcommit transaction[0m
Migrating to CreateProductBundleItems (20211222213556)
  [1m[36mTRANSACTION (0.1ms)[0m  [1m[36mbegin transaction[0m
  [1m[35m (0.3ms)[0m  [1m[35mCREATE TABLE "product_bundle_items" ("id" integer PRIMARY KEY AUTOINCREMENT NOT NULL, "product_model_id" integer NOT NULL, "product_bundle_id" integer NOT NULL, "created_at" datetime(6) NOT NULL, "updated_at" datetime(6) NOT NULL, CONSTRAINT "fk_rails_94c28f8650"
FOREIGN KEY ("product_model_id")
  REFERENCES "product_models" ("id")
, CONSTRAINT "fk_rails_ca9728a6a3"
FOREIGN KEY ("product_bundle_id")
  REFERENCES "product_bundles" ("id")
)[0m
  [1m[35m (0.1ms)[0m  [1m[35mCREATE INDEX "index_product_bundle_items_on_product_model_id" ON "product_bundle_items" ("product_model_id")[0m
  [1m[35m (0.1ms)[0m  [1m[35mCREATE INDEX "index_product_bundle_items_on_product_bundle_id" ON "product_bundle_items" ("product_bundle_id")[0m
  [1m[36mActiveRecord::SchemaMigration Create (0.2ms)[0m  [1m[32mINSERT INTO "schema_migrations" ("version") VALUES (?)[0m  [["version", "20211222213556"]]
  [1m[36mTRANSACTION (4.2ms)[0m  [1m[36mcommit transaction[0m
Migrating to CreateCategories (20211223141134)
  [1m[36mTRANSACTION (0.0ms)[0m  [1m[36mbegin transaction[0m
  [1m[35m (0.4ms)[0m  [1m[35mCREATE TABLE "categories" ("id" integer PRIMARY KEY AUTOINCREMENT NOT NULL, "name" varchar, "created_at" datetime(6) NOT NULL, "updated_at" datetime(6) NOT NULL)[0m
  [1m[36mActiveRecord::SchemaMigration Create (0.2ms)[0m  [1m[32mINSERT INTO "schema_migrations" ("version") VALUES (?)[0m  [["version", "20211223141134"]]
  [1m[36mTRANSACTION (4.5ms)[0m  [1m[36mcommit transaction[0m
Migrating to AddReferences (20211223190246)
  [1m[36mTRANSACTION (0.1ms)[0m  [1m[36mbegin transaction[0m
  [1m[35m (0.4ms)[0m  [1m[35mALTER TABLE "product_models" ADD "category_id" integer DEFAULT 0 NOT NULL[0m
  [1m[35m (0.1ms)[0m  [1m[35mCREATE INDEX "index_product_models_on_category_id" ON "product_models" ("category_id")[0m
  [1m[35m (0.0ms)[0m  [1m[35mPRAGMA foreign_keys[0m
  [1m[35m (0.0ms)[0m  [1m[35mPRAGMA defer_foreign_keys[0m
  [1m[35m (0.1ms)[0m  [1m[35mPRAGMA defer_foreign_keys = ON[0m
  [1m[35m (0.0ms)[0m  [1m[35mPRAGMA foreign_keys = OFF[0m
  [1m[35m (0.1ms)[0m  [1m[35mCREATE TEMPORARY TABLE "aproduct_models" ("id" integer NOT NULL PRIMARY KEY, "name" varchar DEFAULT NULL, "weight" integer DEFAULT NULL, "height" integer DEFAULT NULL, "length" integer DEFAULT NULL, "width" integer DEFAULT NULL, "sku" varchar DEFAULT NULL, "supplier_id" integer NOT NULL, "created_at" datetime(6) NOT NULL, "updated_at" datetime(6) NOT NULL, "category_id" integer DEFAULT 0 NOT NULL)[0m
  [1m[35m (0.1ms)[0m  [1m[35mCREATE INDEX "tindex_aproduct_models_on_category_id" ON "aproduct_models" ("category_id")[0m
  [1m[35m (0.1ms)[0m  [1m[35mCREATE INDEX "tindex_aproduct_models_on_supplier_id" ON "aproduct_models" ("supplier_id")[0m
  [1m[35m (0.1ms)[0m  [1m[32mINSERT INTO "aproduct_models" ("id","name","weight","height","length","width","sku","supplier_id","created_at","updated_at","category_id")
                     SELECT "id","name","weight","height","length","width","sku","supplier_id","created_at","updated_at","category_id" FROM "product_models"[0m
  [1m[35m (0.3ms)[0m  [1m[35mDROP TABLE "product_models"[0m
  [1m[35m (0.1ms)[0m  [1m[35mCREATE TABLE "product_models" ("id" integer NOT NULL PRIMARY KEY, "name" varchar DEFAULT NULL, "weight" integer DEFAULT NULL, "height" integer DEFAULT NULL, "length" integer DEFAULT NULL, "width" integer DEFAULT NULL, "sku" varchar DEFAULT NULL, "supplier_id" integer NOT NULL, "created_at" datetime(6) NOT NULL, "updated_at" datetime(6) NOT NULL, "category_id" integer DEFAULT 0 NOT NULL, CONSTRAINT "fk_rails_634c37ccdc"
FOREIGN KEY ("supplier_id")
  REFERENCES "suppliers" ("id")
, CONSTRAINT "fk_rails_ad0160d73b"
FOREIGN KEY ("category_id")
  REFERENCES "categories" ("id")
)[0m
  [1m[35m (0.1ms)[0m  [1m[35mCREATE INDEX "index_product_models_on_supplier_id" ON "product_models" ("supplier_id")[0m
  [1m[35m (0.1ms)[0m  [1m[35mCREATE INDEX "index_product_models_on_category_id" ON "product_models" ("category_id")[0m
  [1m[35m (0.1ms)[0m  [1m[32mINSERT INTO "product_models" ("id","name","weight","height","length","width","sku","supplier_id","created_at","updated_at","category_id")
                     SELECT "id","name","weight","height","length","width","sku","supplier_id","created_at","updated_at","category_id" FROM "aproduct_models"[0m
  [1m[35m (0.1ms)[0m  [1m[35mDROP TABLE "aproduct_models"[0m
  [1m[35m (0.0ms)[0m  [1m[35mPRAGMA defer_foreign_keys = 0[0m
  [1m[35m (0.0ms)[0m  [1m[35mPRAGMA foreign_keys = 1[0m
  [1m[36mActiveRecord::SchemaMigration Create (0.2ms)[0m  [1m[32mINSERT INTO "schema_migrations" ("version") VALUES (?)[0m  [["version", "20211223190246"]]
  [1m[36mTRANSACTION (4.5ms)[0m  [1m[36mcommit transaction[0m
Migrating to CreateProductItems (20220106162025)
  [1m[36mTRANSACTION (0.0ms)[0m  [1m[36mbegin transaction[0m
  [1m[35m (0.3ms)[0m  [1m[35mCREATE TABLE "product_items" ("id" integer PRIMARY KEY AUTOINCREMENT NOT NULL, "warehouse_id" integer NOT NULL, "product_model_id" integer NOT NULL, "created_at" datetime(6) NOT NULL, "updated_at" datetime(6) NOT NULL, CONSTRAINT "fk_rails_b258e81640"
FOREIGN KEY ("warehouse_id")
  REFERENCES "warehouses" ("id")
, CONSTRAINT "fk_rails_a026252a43"
FOREIGN KEY ("product_model_id")
  REFERENCES "product_models" ("id")
)[0m
  [1m[35m (0.1ms)[0m  [1m[35mCREATE INDEX "index_product_items_on_warehouse_id" ON "product_items" ("warehouse_id")[0m
  [1m[35m (0.1ms)[0m  [1m[35mCREATE INDEX "index_product_items_on_product_model_id" ON "product_items" ("product_model_id")[0m
  [1m[36mActiveRecord::SchemaMigration Create (0.2ms)[0m  [1m[32mINSERT INTO "schema_migrations" ("version") VALUES (?)[0m  [["version", "20220106162025"]]
  [1m[36mTRANSACTION (4.4ms)[0m  [1m[36mcommit transaction[0m
Migrating to AddColumnCodeToProductItems (20220107044525)
  [1m[36mTRANSACTION (0.1ms)[0m  [1m[36mbegin transaction[0m
  [1m[35m (0.5ms)[0m  [1m[35mALTER TABLE "product_items" ADD "code" varchar[0m
  [1m[36mActiveRecord::SchemaMigration Create (0.2ms)[0m  [1m[32mINSERT INTO "schema_migrations" ("version") VALUES (?)[0m  [["version", "20220107044525"]]
  [1m[36mTRANSACTION (3.7ms)[0m  [1m[36mcommit transaction[0m
Migrating to CreateCategoryWarehouses (20220111142012)
  [1m[36mTRANSACTION (0.1ms)[0m  [1m[36mbegin transaction[0m
  [1m[35m (0.3ms)[0m  [1m[35mCREATE TABLE "category_warehouses" ("id" integer PRIMARY KEY AUTOINCREMENT NOT NULL, "warehouse_id" integer NOT NULL, "category_id" integer NOT NULL, "created_at" datetime(6) NOT NULL, "updated_at" datetime(6) NOT NULL, CONSTRAINT "fk_rails_be711f7252"
FOREIGN KEY ("warehouse_id")
  REFERENCES "warehouses" ("id")
, CONSTRAINT "fk_rails_7320ba8cbc"
FOREIGN KEY ("category_id")
  REFERENCES "categories" ("id")
)[0m
  [1m[35m (0.1ms)[0m  [1m[35mCREATE INDEX "index_category_warehouses_on_warehouse_id" ON "category_warehouses" ("warehouse_id")[0m
  [1m[35m (0.1ms)[0m  [1m[35mCREATE INDEX "index_category_warehouses_on_category_id" ON "category_warehouses" ("category_id")[0m
  [1m[36mActiveRecord::SchemaMigration Create (0.2ms)[0m  [1m[32mINSERT INTO "schema_migrations" ("version") VALUES (?)[0m  [["version", "20220111142012"]]
  [1m[36mTRANSACTION (4.5ms)[0m  [1m[36mcommit transaction[0m
Migrating to ChangeColumnNomeAndAdressFromWarehousesToNameAndAddress (20220116171030)
  [1m[36mTRANSACTION (0.1ms)[0m  [1m[36mbegin transaction[0m
  [1m[35m (0.0ms)[0m  [1m[35mPRAGMA foreign_keys[0m
  [1m[35m (0.0ms)[0m  [1m[35mPRAGMA defer_foreign_keys[0m
  [1m[35m (0.0ms)[0m  [1m[35mPRAGMA defer_foreign_keys = ON[0m
  [1m[35m (0.0ms)[0m  [1m[35mPRAGMA foreign_keys = OFF[0m
  [1m[35m (0.1ms)[0m  [1m[35mCREATE TEMPORARY TABLE "awarehouses" ("id" integer NOT NULL PRIMARY KEY, "name" varchar DEFAULT NULL, "code" varchar DEFAULT NULL, "created_at" datetime(6) NOT NULL, "updated_at" datetime(6) NOT NULL, "description" text DEFAULT NULL, "adress" varchar DEFAULT NULL, "postal_code" varchar DEFAULT NULL, "city" varchar DEFAULT NULL, "state" varchar DEFAULT NULL, "total_area" integer DEFAULT NULL, "useful_area" integer DEFAULT NULL)[0m
  [1m[35m (0.1ms)[0m  [1m[32mINSERT INTO "awarehouses" ("id","name","code","created_at","updated_at","description","adress","postal_code","city","state","total_area","useful_area")
                     SELECT "id","nome","code","created_at","updated_at","description","adress","postal_code","city","state","total_area","useful_area" FROM "warehouses"[0m
  [1m[35m (0.3ms)[0m  [1m[35mDROP TABLE "warehouses"[0m
  [1m[35m (0.2ms)[0m  [1m[35mCREATE TABLE "warehouses" ("id" integer NOT NULL PRIMARY KEY, "name" varchar DEFAULT NULL, "code" varchar DEFAULT NULL, "created_at" datetime(6) NOT NULL, "updated_at" datetime(6) NOT NULL, "description" text DEFAULT NULL, "adress" varchar DEFAULT NULL, "postal_code" varchar DEFAULT NULL, "city" varchar DEFAULT NULL, "state" varchar DEFAULT NULL, "total_area" integer DEFAULT NULL, "useful_area" integer DEFAULT NULL)[0m
  [1m[35m (0.1ms)[0m  [1m[32mINSERT INTO "warehouses" ("id","name","code","created_at","updated_at","description","adress","postal_code","city","state","total_area","useful_area")
                     SELECT "id","name","code","created_at","updated_at","description","adress","postal_code","city","state","total_area","useful_area" FROM "awarehouses"[0m
  [1m[35m (0.1ms)[0m  [1m[35mDROP TABLE "awarehouses"[0m
  [1m[35m (0.0ms)[0m  [1m[35mPRAGMA defer_foreign_keys = 0[0m
  [1m[35m (0.0ms)[0m  [1m[35mPRAGMA foreign_keys = 1[0m
  [1m[35m (0.0ms)[0m  [1m[35mPRAGMA foreign_keys[0m
  [1m[35m (0.0ms)[0m  [1m[35mPRAGMA defer_foreign_keys[0m
  [1m[35m (0.0ms)[0m  [1m[35mPRAGMA defer_foreign_keys = ON[0m
  [1m[35m (0.0ms)[0m  [1m[35mPRAGMA foreign_keys = OFF[0m
  [1m[35m (0.1ms)[0m  [1m[35mCREATE TEMPORARY TABLE "awarehouses" ("id" integer NOT NULL PRIMARY KEY, "name" varchar DEFAULT NULL, "code" varchar DEFAULT NULL, "created_at" datetime(6) NOT NULL, "updated_at" datetime(6) NOT NULL, "description" text DEFAULT NULL, "address" varchar DEFAULT NULL, "postal_code" varchar DEFAULT NULL, "city" varchar DEFAULT NULL, "state" varchar DEFAULT NULL, "total_area" integer DEFAULT NULL, "useful_area" integer DEFAULT NULL)[0m
  [1m[35m (0.0ms)[0m  [1m[32mINSERT INTO "awarehouses" ("id","name","code","created_at","updated_at","description","address","postal_code","city","state","total_area","useful_area")
                     SELECT "id","name","code","created_at","updated_at","description","adress","postal_code","city","state","total_area","useful_area" FROM "warehouses"[0m
  [1m[35m (0.1ms)[0m  [1m[35mDROP TABLE "warehouses"[0m
  [1m[35m (0.1ms)[0m  [1m[35mCREATE TABLE "warehouses" ("id" integer NOT NULL PRIMARY KEY, "name" varchar DEFAULT NULL, "code" varchar DEFAULT NULL, "created_at" datetime(6) NOT NULL, "updated_at" datetime(6) NOT NULL, "description" text DEFAULT NULL, "address" varchar DEFAULT NULL, "postal_code" varchar DEFAULT NULL, "city" varchar DEFAULT NULL, "state" varchar DEFAULT NULL, "total_area" integer DEFAULT NULL, "useful_area" integer DEFAULT NULL)[0m
  [1m[35m (0.1ms)[0m  [1m[32mINSERT INTO "warehouses" ("id","name","code","created_at","updated_at","description","address","postal_code","city","state","total_area","useful_area")
                     SELECT "id","name","code","created_at","updated_at","description","address","postal_code","city","state","total_area","useful_area" FROM "awarehouses"[0m
  [1m[35m (0.1ms)[0m  [1m[35mDROP TABLE "awarehouses"[0m
  [1m[35m (0.0ms)[0m  [1m[35mPRAGMA defer_foreign_keys = 0[0m
  [1m[35m (0.0ms)[0m  [1m[35mPRAGMA foreign_keys = 1[0m
  [1m[36mActiveRecord::SchemaMigration Create (0.2ms)[0m  [1m[32mINSERT INTO "schema_migrations" ("version") VALUES (?)[0m  [["version", "20220116171030"]]
  [1m[36mTRANSACTION (3.8ms)[0m  [1m[36mcommit transaction[0m
Migrating to AddColumnStatusToProductModel (20220123193738)
  [1m[36mTRANSACTION (0.1ms)[0m  [1m[36mbegin transaction[0m
  [1m[35m (0.6ms)[0m  [1m[35mALTER TABLE "product_models" ADD "status" integer DEFAULT 0[0m
  [1m[36mActiveRecord::SchemaMigration Create (0.2ms)[0m  [1m[32mINSERT INTO "schema_migrations" ("version") VALUES (?)[0m  [["version", "20220123193738"]]
  [1m[36mTRANSACTION (3.4ms)[0m  [1m[36mcommit transaction[0m
Migrating to ChangeColumnStatusDefaultZero (20220123194005)
  [1m[36mTRANSACTION (0.1ms)[0m  [1m[36mbegin transaction[0m
  [1m[35m (0.0ms)[0m  [1m[35mPRAGMA foreign_keys[0m
  [1m[35m (0.0ms)[0m  [1m[35mPRAGMA defer_foreign_keys[0m
  [1m[35m (0.0ms)[0m  [1m[35mPRAGMA defer_foreign_keys = ON[0m
  [1m[35m (0.0ms)[0m  [1m[35mPRAGMA foreign_keys = OFF[0m
  [1m[35m (0.1ms)[0m  [1m[35mCREATE TEMPORARY TABLE "aproduct_models" ("id" integer NOT NULL PRIMARY KEY, "name" varchar DEFAULT NULL, "weight" integer DEFAULT NULL, "height" integer DEFAULT NULL, "length" integer DEFAULT NULL, "width" integer DEFAULT NULL, "sku" varchar DEFAULT NULL, "supplier_id" integer NOT NULL, "created_at" datetime(6) NOT NULL, "updated_at" datetime(6) NOT NULL, "category_id" integer DEFAULT 0 NOT NULL, "status" integer DEFAULT 0)[0m
  [1m[35m (0.1ms)[0m  [1m[35mCREATE INDEX "tindex_aproduct_models_on_category_id" ON "aproduct_models" ("category_id")[0m
  [1m[35m (0.1ms)[0m  [1m[35mCREATE INDEX "tindex_aproduct_models_on_supplier_id" ON "aproduct_models" ("supplier_id")[0m
  [1m[35m (0.1ms)[0m  [1m[32mINSERT INTO "aproduct_models" ("id","name","weight","height","length","width","sku","supplier_id","created_at","updated_at","category_id","status")
                     SELECT "id","name","weight","height","length","width","sku","supplier_id","created_at","updated_at","category_id","status" FROM "product_models"[0m
  [1m[35m (0.3ms)[0m  [1m[35mDROP TABLE "product_models"[0m
  [1m[35m (0.1ms)[0m  [1m[35mCREATE TABLE "product_models" ("id" integer NOT NULL PRIMARY KEY, "name" varchar DEFAULT NULL, "weight" integer DEFAULT NULL, "height" integer DEFAULT NULL, "length" integer DEFAULT NULL, "width" integer DEFAULT NULL, "sku" varchar DEFAULT NULL, "supplier_id" integer NOT NULL, "created_at" datetime(6) NOT NULL, "updated_at" datetime(6) NOT NULL, "category_id" integer DEFAULT 0 NOT NULL, "status" integer DEFAULT 0, CONSTRAINT "fk_rails_ad0160d73b"
FOREIGN KEY ("category_id")
  REFERENCES "categories" ("id")
, CONSTRAINT "fk_rails_634c37ccdc"
FOREIGN KEY ("supplier_id")
  REFERENCES "suppliers" ("id")
)[0m
  [1m[35m (0.1ms)[0m  [1m[35mCREATE INDEX "index_product_models_on_supplier_id" ON "product_models" ("supplier_id")[0m
  [1m[35m (0.1ms)[0m  [1m[35mCREATE INDEX "index_product_models_on_category_id" ON "product_models" ("category_id")[0m
  [1m[35m (0.1ms)[0m  [1m[32mINSERT INTO "product_models" ("id","name","weight","height","length","width","sku","supplier_id","created_at","updated_at","category_id","status")
                     SELECT "id","name","weight","height","length","width","sku","supplier_id","created_at","updated_at","category_id","status" FROM "aproduct_models"[0m
  [1m[35m (0.1ms)[0m  [1m[35mDROP TABLE "aproduct_models"[0m
  [1m[35m (0.0ms)[0m  [1m[35mPRAGMA defer_foreign_keys = 0[0m
  [1m[35m (0.0ms)[0m  [1m[35mPRAGMA foreign_keys = 1[0m
  [1m[36mActiveRecord::SchemaMigration Create (0.1ms)[0m  [1m[32mINSERT INTO "schema_migrations" ("version") VALUES (?)[0m  [["version", "20220123194005"]]
  [1m[36mTRANSACTION (3.6ms)[0m  [1m[36mcommit transaction[0m
  [1m[36mActiveRecord::InternalMetadata Load (0.2ms)[0m  [1m[34mSELECT "ar_internal_metadata".* FROM "ar_internal_metadata" WHERE "ar_internal_metadata"."key" = ? LIMIT ?[0m  [["key", "environment"], ["LIMIT", 1]]
  [1m[36mTRANSACTION (0.0ms)[0m  [1m[36mbegin transaction[0m
  [1m[36mActiveRecord::InternalMetadata Create (0.2ms)[0m  [1m[32mINSERT INTO "ar_internal_metadata" ("key", "value", "created_at", "updated_at") VALUES (?, ?, ?, ?)[0m  [["key", "environment"], ["value", "development"], ["created_at", "2023-02-12 16:20:56.058897"], ["updated_at", "2023-02-12 16:20:56.058897"]]
  [1m[36mTRANSACTION (4.1ms)[0m  [1m[36mcommit transaction[0m
  [1m[35m (0.0ms)[0m  [1m[34mSELECT sqlite_version(*)[0m
  [1m[36mActiveRecord::SchemaMigration Pluck (0.1ms)[0m  [1m[34mSELECT "schema_migrations"."version" FROM "schema_migrations" ORDER BY "schema_migrations"."version" ASC[0m
  [1m[35m (0.4ms)[0m  [1m[34mSELECT sqlite_version(*)[0m
  [1m[36mActiveRecord::SchemaMigration Pluck (0.1ms)[0m  [1m[34mSELECT "schema_migrations"."version" FROM "schema_migrations" ORDER BY "schema_migrations"."version" ASC[0m
Started GET "/" for ::1 at 2023-02-12 14:25:48 -0300
  [1m[35m (0.4ms)[0m  [1m[34mSELECT sqlite_version(*)[0m
  [1m[36mActiveRecord::SchemaMigration Pluck (0.1ms)[0m  [1m[34mSELECT "schema_migrations"."version" FROM "schema_migrations" ORDER BY "schema_migrations"."version" ASC[0m
Processing by HomeController#index as HTML
  Rendering layout layouts/application.html.erb
  Rendering home/index.html.erb within layouts/application
  [1m[36mWarehouse Load (0.2ms)[0m  [1m[34mSELECT "warehouses".* FROM "warehouses"[0m
  ↳ app/views/home/index.html.erb:13
  Rendered home/index.html.erb within layouts/application (Duration: 3.8ms | Allocations: 2091)
[Webpacker] Compiling...
[Webpacker] Compilation failed:
/home/ruan/.rvm/gems/ruby-3.0.3/gems/webpacker-5.4.4/lib/webpacker/runner.rb:13:in ``': No such file or directory - yarn (Errno::ENOENT)
	from /home/ruan/.rvm/gems/ruby-3.0.3/gems/webpacker-5.4.4/lib/webpacker/runner.rb:13:in `initialize'
	from /home/ruan/.rvm/gems/ruby-3.0.3/gems/webpacker-5.4.4/lib/webpacker/runner.rb:6:in `new'
	from /home/ruan/.rvm/gems/ruby-3.0.3/gems/webpacker-5.4.4/lib/webpacker/runner.rb:6:in `run'
	from ./bin/webpack:17:in `block in <main>'
	from ./bin/webpack:16:in `chdir'
	from ./bin/webpack:16:in `<main>'

  Rendered layout layouts/application.html.erb (Duration: 532.9ms | Allocations: 42333)
Completed 500 Internal Server Error in 553ms (ActiveRecord: 0.2ms | Allocations: 49677)


  
ActionView::Template::Error (Webpacker can't find application.js in /home/ruan/projeto/warehouse-app/public/packs/manifest.json. Possible causes:
1. You want to set webpacker.yml value of compile to true for your environment
   unless you are using the `webpack -w` or the webpack-dev-server.
2. webpack has not yet re-run to reflect updates.
3. You have misconfigured Webpacker's config/webpacker.yml file.
4. Your webpack configuration is not creating a manifest.
Your manifest contains:
{
}
):
     7:     <%= csp_meta_tag %>
     8: 
     9:     <%= stylesheet_link_tag 'application', media: 'all', 'data-turbolinks-track': 'reload' %>
    10:     <%= javascript_pack_tag 'application', 'data-turbolinks-track': 'reload' %>
    11:     <link rel="stylesheet" type="text/css" href="//assets.locaweb.com.br/locastyle/3.10.1/stylesheets/locastyle.css">
    12:   </head>
    13:   <body>
  
app/views/layouts/application.html.erb:10
Started GET "/" for ::1 at 2023-02-12 14:26:15 -0300
  [1m[35m (0.3ms)[0m  [1m[34mSELECT sqlite_version(*)[0m
  [1m[36mActiveRecord::SchemaMigration Pluck (0.1ms)[0m  [1m[34mSELECT "schema_migrations"."version" FROM "schema_migrations" ORDER BY "schema_migrations"."version" ASC[0m
Processing by HomeController#index as HTML
  Rendering layout layouts/application.html.erb
  Rendering home/index.html.erb within layouts/application
  [1m[36mWarehouse Load (0.2ms)[0m  [1m[34mSELECT "warehouses".* FROM "warehouses"[0m
  ↳ app/views/home/index.html.erb:13
  Rendered home/index.html.erb within layouts/application (Duration: 3.4ms | Allocations: 2015)
[Webpacker] Compiling...
[Webpacker] Compilation failed:
/home/ruan/.rvm/gems/ruby-3.0.3/gems/webpacker-5.4.4/lib/webpacker/runner.rb:13:in ``': No such file or directory - yarn (Errno::ENOENT)
	from /home/ruan/.rvm/gems/ruby-3.0.3/gems/webpacker-5.4.4/lib/webpacker/runner.rb:13:in `initialize'
	from /home/ruan/.rvm/gems/ruby-3.0.3/gems/webpacker-5.4.4/lib/webpacker/runner.rb:6:in `new'
	from /home/ruan/.rvm/gems/ruby-3.0.3/gems/webpacker-5.4.4/lib/webpacker/runner.rb:6:in `run'
	from ./bin/webpack:17:in `block in <main>'
	from ./bin/webpack:16:in `chdir'
	from ./bin/webpack:16:in `<main>'

  Rendered layout layouts/application.html.erb (Duration: 408.1ms | Allocations: 16225)
Completed 500 Internal Server Error in 431ms (ActiveRecord: 0.2ms | Allocations: 22541)


  
ActionView::Template::Error (Webpacker can't find application.js in /home/ruan/projeto/warehouse-app/public/packs/manifest.json. Possible causes:
1. You want to set webpacker.yml value of compile to true for your environment
   unless you are using the `webpack -w` or the webpack-dev-server.
2. webpack has not yet re-run to reflect updates.
3. You have misconfigured Webpacker's config/webpacker.yml file.
4. Your webpack configuration is not creating a manifest.
Your manifest contains:
{
}
):
     7:     <%= csp_meta_tag %>
     8: 
     9:     <%= stylesheet_link_tag 'application', media: 'all', 'data-turbolinks-track': 'reload' %>
    10:     <%= javascript_pack_tag 'application', 'data-turbolinks-track': 'reload' %>
    11:     <link rel="stylesheet" type="text/css" href="//assets.locaweb.com.br/locastyle/3.10.1/stylesheets/locastyle.css">
    12:   </head>
    13:   <body>
  
app/views/layouts/application.html.erb:10
Started GET "/" for ::1 at 2023-02-12 14:26:30 -0300
Processing by HomeController#index as HTML
  Rendering layout layouts/application.html.erb
  Rendering home/index.html.erb within layouts/application
  [1m[36mWarehouse Load (0.1ms)[0m  [1m[34mSELECT "warehouses".* FROM "warehouses"[0m
  ↳ app/views/home/index.html.erb:13
  Rendered home/index.html.erb within layouts/application (Duration: 2.8ms | Allocations: 1467)
  Rendered layout layouts/application.html.erb (Duration: 8.0ms | Allocations: 4528)
Completed 200 OK in 10ms (Views: 9.2ms | ActiveRecord: 0.1ms | Allocations: 5517)


Started GET "/users/sign_in" for ::1 at 2023-02-12 14:27:00 -0300
  [1m[35m (0.5ms)[0m  [1m[34mSELECT sqlite_version(*)[0m
  [1m[36mActiveRecord::SchemaMigration Pluck (0.2ms)[0m  [1m[34mSELECT "schema_migrations"."version" FROM "schema_migrations" ORDER BY "schema_migrations"."version" ASC[0m
Processing by Devise::SessionsController#new as HTML
  Rendering layout layouts/application.html.erb
  Rendering devise/sessions/new.html.erb within layouts/application
  Rendered devise/shared/_links.html.erb (Duration: 1.4ms | Allocations: 753)
  Rendered devise/sessions/new.html.erb within layouts/application (Duration: 18.5ms | Allocations: 6867)
  Rendered layout layouts/application.html.erb (Duration: 43.2ms | Allocations: 17677)
Completed 200 OK in 86ms (Views: 48.3ms | ActiveRecord: 1.0ms | Allocations: 29538)


Started GET "/users/sign_in" for ::1 at 2023-02-12 14:27:00 -0300
Processing by Devise::SessionsController#new as HTML
  Rendering layout layouts/application.html.erb
  Rendering devise/sessions/new.html.erb within layouts/application
  Rendered devise/shared/_links.html.erb (Duration: 0.3ms | Allocations: 179)
  Rendered devise/sessions/new.html.erb within layouts/application (Duration: 2.3ms | Allocations: 1310)
  Rendered layout layouts/application.html.erb (Duration: 4.9ms | Allocations: 3364)
Completed 200 OK in 7ms (Views: 5.8ms | ActiveRecord: 0.0ms | Allocations: 4125)


Started GET "/users/sign_in" for ::1 at 2023-02-12 14:27:06 -0300
Processing by Devise::SessionsController#new as HTML
  Rendering layout layouts/application.html.erb
  Rendering devise/sessions/new.html.erb within layouts/application
  Rendered devise/shared/_links.html.erb (Duration: 0.2ms | Allocations: 173)
  Rendered devise/sessions/new.html.erb within layouts/application (Duration: 2.0ms | Allocations: 1187)
  Rendered layout layouts/application.html.erb (Duration: 4.7ms | Allocations: 3112)
Completed 200 OK in 7ms (Views: 5.4ms | ActiveRecord: 0.0ms | Allocations: 3724)


Started GET "/users/sign_in" for ::1 at 2023-02-12 14:27:08 -0300
Processing by Devise::SessionsController#new as HTML
  Rendering layout layouts/application.html.erb
  Rendering devise/sessions/new.html.erb within layouts/application
  Rendered devise/shared/_links.html.erb (Duration: 0.2ms | Allocations: 173)
  Rendered devise/sessions/new.html.erb within layouts/application (Duration: 2.0ms | Allocations: 1187)
  Rendered layout layouts/application.html.erb (Duration: 4.2ms | Allocations: 3112)
Completed 200 OK in 6ms (Views: 5.1ms | ActiveRecord: 0.0ms | Allocations: 3724)


Started GET "/users/sign_in" for ::1 at 2023-02-12 14:27:10 -0300
Processing by Devise::SessionsController#new as HTML
  Rendering layout layouts/application.html.erb
  Rendering devise/sessions/new.html.erb within layouts/application
  Rendered devise/shared/_links.html.erb (Duration: 0.2ms | Allocations: 173)
  Rendered devise/sessions/new.html.erb within layouts/application (Duration: 1.7ms | Allocations: 1187)
  Rendered layout layouts/application.html.erb (Duration: 4.1ms | Allocations: 3112)
Completed 200 OK in 13ms (Views: 12.6ms | ActiveRecord: 0.0ms | Allocations: 3724)


Started GET "/" for ::1 at 2023-02-12 14:27:12 -0300
Processing by HomeController#index as HTML
  Rendering layout layouts/application.html.erb
  Rendering home/index.html.erb within layouts/application
  [1m[36mWarehouse Load (0.2ms)[0m  [1m[34mSELECT "warehouses".* FROM "warehouses"[0m
  ↳ app/views/home/index.html.erb:13
  Rendered home/index.html.erb within layouts/application (Duration: 2.8ms | Allocations: 1620)
  Rendered layout layouts/application.html.erb (Duration: 6.1ms | Allocations: 3855)
Completed 200 OK in 11ms (Views: 7.4ms | ActiveRecord: 0.2ms | Allocations: 6672)


Started GET "/search?q=&commit=Pesquisar" for ::1 at 2023-02-12 14:27:20 -0300
Processing by HomeController#search as HTML
  Parameters: {"q"=>"", "commit"=>"Pesquisar"}
Completed 401 Unauthorized in 1ms (ActiveRecord: 0.0ms | Allocations: 267)


Started GET "/users/sign_in" for ::1 at 2023-02-12 14:27:20 -0300
Processing by Devise::SessionsController#new as HTML
  Rendering layout layouts/application.html.erb
  Rendering devise/sessions/new.html.erb within layouts/application
  Rendered devise/shared/_links.html.erb (Duration: 0.3ms | Allocations: 173)
  Rendered devise/sessions/new.html.erb within layouts/application (Duration: 2.2ms | Allocations: 1219)
  Rendered layout layouts/application.html.erb (Duration: 4.7ms | Allocations: 3151)
Completed 200 OK in 7ms (Views: 5.6ms | ActiveRecord: 0.0ms | Allocations: 3801)


Started GET "/users/sign_in" for ::1 at 2023-02-12 14:27:28 -0300
Processing by Devise::SessionsController#new as HTML
  Rendering layout layouts/application.html.erb
  Rendering devise/sessions/new.html.erb within layouts/application
  Rendered devise/shared/_links.html.erb (Duration: 0.3ms | Allocations: 173)
  Rendered devise/sessions/new.html.erb within layouts/application (Duration: 1.9ms | Allocations: 1187)
  Rendered layout layouts/application.html.erb (Duration: 4.4ms | Allocations: 3111)
Completed 200 OK in 6ms (Views: 5.1ms | ActiveRecord: 0.0ms | Allocations: 3714)


Started GET "/product_models/new" for ::1 at 2023-02-12 14:27:56 -0300
Processing by ProductModelsController#new as HTML
Completed 401 Unauthorized in 1ms (ActiveRecord: 0.0ms | Allocations: 399)


Started GET "/users/sign_in" for ::1 at 2023-02-12 14:27:56 -0300
Processing by Devise::SessionsController#new as HTML
  Rendering layout layouts/application.html.erb
  Rendering devise/sessions/new.html.erb within layouts/application
  Rendered devise/shared/_links.html.erb (Duration: 0.3ms | Allocations: 176)
  Rendered devise/sessions/new.html.erb within layouts/application (Duration: 1.8ms | Allocations: 1258)
  Rendered layout layouts/application.html.erb (Duration: 4.6ms | Allocations: 3296)
Completed 200 OK in 6ms (Views: 5.3ms | ActiveRecord: 0.0ms | Allocations: 3974)


Started GET "/product_bundles/new" for ::1 at 2023-02-12 14:27:57 -0300
Processing by ProductBundlesController#new as HTML
Completed 401 Unauthorized in 9ms (ActiveRecord: 0.0ms | Allocations: 399)


Started GET "/users/sign_in" for ::1 at 2023-02-12 14:27:57 -0300
Processing by Devise::SessionsController#new as HTML
  Rendering layout layouts/application.html.erb
  Rendering devise/sessions/new.html.erb within layouts/application
  Rendered devise/shared/_links.html.erb (Duration: 0.3ms | Allocations: 176)
  Rendered devise/sessions/new.html.erb within layouts/application (Duration: 2.2ms | Allocations: 1260)
  Rendered layout layouts/application.html.erb (Duration: 4.9ms | Allocations: 3304)
Completed 200 OK in 6ms (Views: 5.6ms | ActiveRecord: 0.0ms | Allocations: 3985)


Started GET "/product_items/entry" for ::1 at 2023-02-12 14:27:57 -0300
Processing by ProductItemsController#new_entry as HTML
Completed 401 Unauthorized in 1ms (ActiveRecord: 0.0ms | Allocations: 399)


Started GET "/users/sign_in" for ::1 at 2023-02-12 14:27:57 -0300
Processing by Devise::SessionsController#new as HTML
  Rendering layout layouts/application.html.erb
  Rendering devise/sessions/new.html.erb within layouts/application
  Rendered devise/shared/_links.html.erb (Duration: 0.2ms | Allocations: 176)
  Rendered devise/sessions/new.html.erb within layouts/application (Duration: 1.8ms | Allocations: 1258)
  Rendered layout layouts/application.html.erb (Duration: 4.2ms | Allocations: 3302)
Completed 200 OK in 6ms (Views: 4.9ms | ActiveRecord: 0.0ms | Allocations: 3981)


Started GET "/product_items/entry" for ::1 at 2023-02-12 14:27:58 -0300
Processing by ProductItemsController#new_entry as HTML
Completed 401 Unauthorized in 0ms (ActiveRecord: 0.0ms | Allocations: 229)


Started GET "/users/sign_in" for ::1 at 2023-02-12 14:27:58 -0300
Processing by Devise::SessionsController#new as HTML
  Rendering layout layouts/application.html.erb
  Rendering devise/sessions/new.html.erb within layouts/application
  Rendered devise/shared/_links.html.erb (Duration: 0.3ms | Allocations: 173)
  Rendered devise/sessions/new.html.erb within layouts/application (Duration: 1.9ms | Allocations: 1187)
  Rendered layout layouts/application.html.erb (Duration: 4.8ms | Allocations: 3117)
Completed 200 OK in 7ms (Views: 5.9ms | ActiveRecord: 0.0ms | Allocations: 3728)


Started GET "/users/sign_in" for ::1 at 2023-02-12 15:18:37 -0300
  [1m[35m (0.5ms)[0m  [1m[34mSELECT sqlite_version(*)[0m
  [1m[36mActiveRecord::SchemaMigration Pluck (0.4ms)[0m  [1m[34mSELECT "schema_migrations"."version" FROM "schema_migrations" ORDER BY "schema_migrations"."version" ASC[0m
Processing by Devise::SessionsController#new as HTML
  Rendering layout layouts/application.html.erb
  Rendering devise/sessions/new.html.erb within layouts/application
  Rendered devise/shared/_links.html.erb (Duration: 1.3ms | Allocations: 752)
  Rendered devise/sessions/new.html.erb within layouts/application (Duration: 13.4ms | Allocations: 5989)
  Rendered layout layouts/application.html.erb (Duration: 38.9ms | Allocations: 16789)
Completed 200 OK in 62ms (Views: 46.4ms | ActiveRecord: 0.5ms | Allocations: 26850)


Started GET "/users/sign_in" for ::1 at 2023-02-12 15:19:31 -0300
Processing by Devise::SessionsController#new as HTML
  Rendering layout layouts/application.html.erb
  Rendering devise/sessions/new.html.erb within layouts/application
  Rendered devise/shared/_links.html.erb (Duration: 0.9ms | Allocations: 579)
  Rendered devise/sessions/new.html.erb within layouts/application (Duration: 3.5ms | Allocations: 2151)
[Webpacker] Compiling...
[Webpacker] Compilation failed:
yarn run v1.22.19
info Visit https://yarnpkg.com/en/docs/cli/run for documentation about this command.


error Command "webpack" not found.

  Rendered layout layouts/application.html.erb (Duration: 1810.2ms | Allocations: 11168)
Completed 500 Internal Server Error in 1813ms (ActiveRecord: 0.0ms | Allocations: 12511)


  
ActionView::Template::Error (Webpacker can't find application.js in /home/ruan/projeto/warehouse-app/public/packs/manifest.json. Possible causes:
1. You want to set webpacker.yml value of compile to true for your environment
   unless you are using the `webpack -w` or the webpack-dev-server.
2. webpack has not yet re-run to reflect updates.
3. You have misconfigured Webpacker's config/webpacker.yml file.
4. Your webpack configuration is not creating a manifest.
Your manifest contains:
{
}
):
     7:     <%= csp_meta_tag %>
     8: 
     9:     <%= stylesheet_link_tag 'application', media: 'all', 'data-turbolinks-track': 'reload' %>
    10:     <%= javascript_pack_tag 'application', 'data-turbolinks-track': 'reload' %>
    11:     <link rel="stylesheet" type="text/css" href="//assets.locaweb.com.br/locastyle/3.10.1/stylesheets/locastyle.css">
    12:   </head>
    13:   <body>
  
app/views/layouts/application.html.erb:10
Started GET "/users/sign_in" for ::1 at 2023-02-12 15:20:45 -0300
  [1m[35m (0.4ms)[0m  [1m[34mSELECT sqlite_version(*)[0m
  [1m[36mActiveRecord::SchemaMigration Pluck (0.1ms)[0m  [1m[34mSELECT "schema_migrations"."version" FROM "schema_migrations" ORDER BY "schema_migrations"."version" ASC[0m
Processing by Devise::SessionsController#new as HTML
  Rendering layout layouts/application.html.erb
  Rendering devise/sessions/new.html.erb within layouts/application
  Rendered devise/shared/_links.html.erb (Duration: 1.1ms | Allocations: 752)
  Rendered devise/sessions/new.html.erb within layouts/application (Duration: 9.0ms | Allocations: 5811)
[Webpacker] Compiling...
[Webpacker] Compiled all packs in /home/ruan/projeto/warehouse-app/public/packs
[Webpacker] Browserslist: caniuse-lite is outdated. Please run:
  npx browserslist@latest --update-db
  Why you should do it regularly: https://github.com/browserslist/browserslist#browsers-data-updating

[Webpacker] Hash: 05aebcef89a51ed973c3
Version: webpack 4.46.0
Time: 1627ms
Built at: 02/12/2023 3:20:49 PM
                                     Asset       Size       Chunks                         Chunk Names
    js/application-d16797d84382df6efcb7.js    125 KiB  application  [emitted] [immutable]  application
js/application-d16797d84382df6efcb7.js.map    139 KiB  application  [emitted] [dev]        application
                             manifest.json  364 bytes               [emitted]              
Entrypoint application = js/application-d16797d84382df6efcb7.js js/application-d16797d84382df6efcb7.js.map
[./app/javascript/channels sync recursive _channel\.js$] ./app/javascript/channels sync _channel\.js$ 160 bytes {application} [built]
[./app/javascript/channels/index.js] 211 bytes {application} [built]
[./app/javascript/packs/application.js] 200 bytes {application} [built]
[./node_modules/webpack/buildin/module.js] (webpack)/buildin/module.js 552 bytes {application} [built]
    + 3 hidden modules

  Rendered layout layouts/application.html.erb (Duration: 3982.8ms | Allocations: 19674)
Completed 200 OK in 4002ms (Views: 3988.8ms | ActiveRecord: 0.4ms | Allocations: 29839)


Started GET "/categories" for ::1 at 2023-02-12 15:20:57 -0300
Processing by CategoriesController#index as HTML
Completed 401 Unauthorized in 1ms (ActiveRecord: 0.0ms | Allocations: 400)


Started GET "/users/sign_in" for ::1 at 2023-02-12 15:20:57 -0300
Processing by Devise::SessionsController#new as HTML
  Rendering layout layouts/application.html.erb
  Rendering devise/sessions/new.html.erb within layouts/application
  Rendered devise/shared/_links.html.erb (Duration: 0.3ms | Allocations: 176)
  Rendered devise/sessions/new.html.erb within layouts/application (Duration: 1.9ms | Allocations: 1258)
[Webpacker] Everything's up-to-date. Nothing to do
  Rendered layout layouts/application.html.erb (Duration: 6.4ms | Allocations: 4871)
Completed 200 OK in 8ms (Views: 7.0ms | ActiveRecord: 0.0ms | Allocations: 5564)


Started GET "/categories" for ::1 at 2023-02-12 15:21:00 -0300
Processing by CategoriesController#index as HTML
Completed 401 Unauthorized in 1ms (ActiveRecord: 0.0ms | Allocations: 229)


Started GET "/users/sign_in" for ::1 at 2023-02-12 15:21:00 -0300
Processing by Devise::SessionsController#new as HTML
  Rendering layout layouts/application.html.erb
  Rendering devise/sessions/new.html.erb within layouts/application
  Rendered devise/shared/_links.html.erb (Duration: 0.5ms | Allocations: 173)
  Rendered devise/sessions/new.html.erb within layouts/application (Duration: 2.9ms | Allocations: 1187)
[Webpacker] Everything's up-to-date. Nothing to do
  Rendered layout layouts/application.html.erb (Duration: 14.3ms | Allocations: 4669)
Completed 200 OK in 17ms (Views: 15.2ms | ActiveRecord: 0.0ms | Allocations: 5283)


Started GET "/product_models" for ::1 at 2023-02-12 15:21:00 -0300
Processing by ProductModelsController#index as HTML
Completed 401 Unauthorized in 2ms (ActiveRecord: 0.0ms | Allocations: 398)


Started GET "/users/sign_in" for ::1 at 2023-02-12 15:21:00 -0300
Processing by Devise::SessionsController#new as HTML
  Rendering layout layouts/application.html.erb
  Rendering devise/sessions/new.html.erb within layouts/application
  Rendered devise/shared/_links.html.erb (Duration: 0.7ms | Allocations: 176)
  Rendered devise/sessions/new.html.erb within layouts/application (Duration: 3.4ms | Allocations: 1259)
[Webpacker] Everything's up-to-date. Nothing to do
  Rendered layout layouts/application.html.erb (Duration: 10.6ms | Allocations: 4878)
Completed 200 OK in 13ms (Views: 11.6ms | ActiveRecord: 0.0ms | Allocations: 5562)


Started GET "/suppliers/new" for ::1 at 2023-02-12 15:21:01 -0300
Processing by SuppliersController#new as HTML
Completed 401 Unauthorized in 1ms (ActiveRecord: 0.0ms | Allocations: 398)


Started GET "/users/sign_in" for ::1 at 2023-02-12 15:21:01 -0300
Processing by Devise::SessionsController#new as HTML
  Rendering layout layouts/application.html.erb
  Rendering devise/sessions/new.html.erb within layouts/application
  Rendered devise/shared/_links.html.erb (Duration: 0.4ms | Allocations: 176)
  Rendered devise/sessions/new.html.erb within layouts/application (Duration: 3.0ms | Allocations: 1258)
[Webpacker] Everything's up-to-date. Nothing to do
  Rendered layout layouts/application.html.erb (Duration: 11.5ms | Allocations: 4876)
Completed 200 OK in 13ms (Views: 12.3ms | ActiveRecord: 0.0ms | Allocations: 5568)


Started GET "/warehouses/new" for ::1 at 2023-02-12 15:21:02 -0300
Processing by WarehousesController#new as HTML
Completed 401 Unauthorized in 1ms (ActiveRecord: 0.0ms | Allocations: 402)


Started GET "/users/sign_in" for ::1 at 2023-02-12 15:21:02 -0300
Processing by Devise::SessionsController#new as HTML
  Rendering layout layouts/application.html.erb
  Rendering devise/sessions/new.html.erb within layouts/application
  Rendered devise/shared/_links.html.erb (Duration: 1.0ms | Allocations: 176)
  Rendered devise/sessions/new.html.erb within layouts/application (Duration: 4.5ms | Allocations: 1258)
[Webpacker] Everything's up-to-date. Nothing to do
  Rendered layout layouts/application.html.erb (Duration: 13.6ms | Allocations: 4870)
Completed 200 OK in 16ms (Views: 14.6ms | ActiveRecord: 0.0ms | Allocations: 5561)


Started GET "/warehouses/new" for ::1 at 2023-02-12 15:21:02 -0300
Processing by WarehousesController#new as HTML
Completed 401 Unauthorized in 1ms (ActiveRecord: 0.0ms | Allocations: 229)


Started GET "/users/sign_in" for ::1 at 2023-02-12 15:21:02 -0300
Processing by Devise::SessionsController#new as HTML
  Rendering layout layouts/application.html.erb
  Rendering devise/sessions/new.html.erb within layouts/application
  Rendered devise/shared/_links.html.erb (Duration: 0.5ms | Allocations: 173)
  Rendered devise/sessions/new.html.erb within layouts/application (Duration: 3.9ms | Allocations: 1187)
[Webpacker] Everything's up-to-date. Nothing to do
  Rendered layout layouts/application.html.erb (Duration: 28.1ms | Allocations: 4670)
Completed 200 OK in 32ms (Views: 29.9ms | ActiveRecord: 0.0ms | Allocations: 5308)


Started GET "/product_models/new" for ::1 at 2023-02-12 15:21:02 -0300
Processing by ProductModelsController#new as HTML
Completed 401 Unauthorized in 1ms (ActiveRecord: 0.0ms | Allocations: 230)


Started GET "/users/sign_in" for ::1 at 2023-02-12 15:21:02 -0300
Processing by Devise::SessionsController#new as HTML
  Rendering layout layouts/application.html.erb
  Rendering devise/sessions/new.html.erb within layouts/application
  Rendered devise/shared/_links.html.erb (Duration: 0.4ms | Allocations: 173)
  Rendered devise/sessions/new.html.erb within layouts/application (Duration: 2.5ms | Allocations: 1188)
[Webpacker] Everything's up-to-date. Nothing to do
  Rendered layout layouts/application.html.erb (Duration: 9.5ms | Allocations: 4676)
Completed 200 OK in 11ms (Views: 10.4ms | ActiveRecord: 0.0ms | Allocations: 5292)


Started GET "/suppliers/new" for ::1 at 2023-02-12 15:21:03 -0300
Processing by SuppliersController#new as HTML
Completed 401 Unauthorized in 1ms (ActiveRecord: 0.0ms | Allocations: 229)


Started GET "/users/sign_in" for ::1 at 2023-02-12 15:21:03 -0300
Processing by Devise::SessionsController#new as HTML
  Rendering layout layouts/application.html.erb
  Rendering devise/sessions/new.html.erb within layouts/application
  Rendered devise/shared/_links.html.erb (Duration: 0.4ms | Allocations: 173)
  Rendered devise/sessions/new.html.erb within layouts/application (Duration: 3.3ms | Allocations: 1251)
[Webpacker] Everything's up-to-date. Nothing to do
  Rendered layout layouts/application.html.erb (Duration: 13.9ms | Allocations: 4766)
Completed 200 OK in 16ms (Views: 14.9ms | ActiveRecord: 0.0ms | Allocations: 5383)


Started GET "/categories/new" for ::1 at 2023-02-12 15:21:03 -0300
Processing by CategoriesController#new as HTML
Completed 401 Unauthorized in 1ms (ActiveRecord: 0.0ms | Allocations: 229)


Started GET "/users/sign_in" for ::1 at 2023-02-12 15:21:03 -0300
Processing by Devise::SessionsController#new as HTML
  Rendering layout layouts/application.html.erb
  Rendering devise/sessions/new.html.erb within layouts/application
  Rendered devise/shared/_links.html.erb (Duration: 0.3ms | Allocations: 173)
  Rendered devise/sessions/new.html.erb within layouts/application (Duration: 1.8ms | Allocations: 1187)
[Webpacker] Everything's up-to-date. Nothing to do
  Rendered layout layouts/application.html.erb (Duration: 8.1ms | Allocations: 4675)
Completed 200 OK in 10ms (Views: 9.0ms | ActiveRecord: 0.0ms | Allocations: 5290)


Started GET "/users/sign_up" for ::1 at 2023-02-12 15:28:27 -0300
  [1m[35m (0.5ms)[0m  [1m[34mSELECT sqlite_version(*)[0m
  [1m[36mActiveRecord::SchemaMigration Pluck (0.1ms)[0m  [1m[34mSELECT "schema_migrations"."version" FROM "schema_migrations" ORDER BY "schema_migrations"."version" ASC[0m
Processing by Devise::RegistrationsController#new as HTML
  Rendering layout layouts/application.html.erb
  Rendering devise/registrations/new.html.erb within layouts/application
  Rendered devise/shared/_error_messages.html.erb (Duration: 0.9ms | Allocations: 330)
  Rendered devise/shared/_links.html.erb (Duration: 0.9ms | Allocations: 631)
  Rendered devise/registrations/new.html.erb within layouts/application (Duration: 10.0ms | Allocations: 6179)
[Webpacker] Everything's up-to-date. Nothing to do
  Rendered layout layouts/application.html.erb (Duration: 45.4ms | Allocations: 18614)
Completed 200 OK in 66ms (Views: 51.4ms | ActiveRecord: 0.5ms | Allocations: 28287)


Started GET "/users/sign_up" for ::1 at 2023-02-12 15:28:29 -0300
Processing by Devise::RegistrationsController#new as HTML
  Rendering layout layouts/application.html.erb
  Rendering devise/registrations/new.html.erb within layouts/application
  Rendered devise/shared/_error_messages.html.erb (Duration: 0.1ms | Allocations: 54)
  Rendered devise/shared/_links.html.erb (Duration: 0.2ms | Allocations: 117)
  Rendered devise/registrations/new.html.erb within layouts/application (Duration: 2.5ms | Allocations: 1399)
[Webpacker] Everything's up-to-date. Nothing to do
  Rendered layout layouts/application.html.erb (Duration: 8.1ms | Allocations: 5032)
Completed 200 OK in 10ms (Views: 9.1ms | ActiveRecord: 0.0ms | Allocations: 5713)


Started POST "/users" for ::1 at 2023-02-12 15:28:54 -0300
Processing by Devise::RegistrationsController#create as HTML
  Parameters: {"authenticity_token"=>"[FILTERED]", "user"=>{"email"=>"ruan@hotmail.com", "password"=>"[FILTERED]", "password_confirmation"=>"[FILTERED]"}, "commit"=>"Sign up"}
  [1m[36mTRANSACTION (0.1ms)[0m  [1m[36mbegin transaction[0m
  [1m[36mUser Exists? (0.2ms)[0m  [1m[34mSELECT 1 AS one FROM "users" WHERE "users"."email" = ? LIMIT ?[0m  [["email", "ruan@hotmail.com"], ["LIMIT", 1]]
  [1m[36mUser Create (0.4ms)[0m  [1m[32mINSERT INTO "users" ("email", "encrypted_password", "created_at", "updated_at") VALUES (?, ?, ?, ?)[0m  [["email", "ruan@hotmail.com"], ["encrypted_password", "[FILTERED]"], ["created_at", "2023-02-12 18:28:54.334020"], ["updated_at", "2023-02-12 18:28:54.334020"]]
  [1m[36mTRANSACTION (6.2ms)[0m  [1m[36mcommit transaction[0m
Redirected to http://localhost:3000/categories/new
Completed 302 Found in 243ms (ActiveRecord: 6.9ms | Allocations: 13721)


Started GET "/categories/new" for ::1 at 2023-02-12 15:28:54 -0300
Processing by CategoriesController#new as HTML
  [1m[36mUser Load (0.2ms)[0m  [1m[34mSELECT "users".* FROM "users" WHERE "users"."id" = ? ORDER BY "users"."id" ASC LIMIT ?[0m  [["id", 1], ["LIMIT", 1]]
  Rendering layout layouts/application.html.erb
  Rendering categories/new.html.erb within layouts/application
  Rendered categories/new.html.erb within layouts/application (Duration: 1.6ms | Allocations: 1083)
[Webpacker] Everything's up-to-date. Nothing to do
  Rendered layout layouts/application.html.erb (Duration: 7.7ms | Allocations: 4947)
Completed 200 OK in 30ms (Views: 9.4ms | ActiveRecord: 0.6ms | Allocations: 10492)


Started GET "/" for ::1 at 2023-02-12 15:29:10 -0300
Processing by HomeController#index as HTML
  Rendering layout layouts/application.html.erb
  Rendering home/index.html.erb within layouts/application
  [1m[36mWarehouse Load (0.2ms)[0m  [1m[34mSELECT "warehouses".* FROM "warehouses"[0m
  ↳ app/views/home/index.html.erb:13
  Rendered home/index.html.erb within layouts/application (Duration: 4.4ms | Allocations: 1597)
[Webpacker] Everything's up-to-date. Nothing to do
  [1m[36mUser Load (0.1ms)[0m  [1m[34mSELECT "users".* FROM "users" WHERE "users"."id" = ? ORDER BY "users"."id" ASC LIMIT ?[0m  [["id", 1], ["LIMIT", 1]]
  ↳ app/views/layouts/application.html.erb:16
  Rendered layout layouts/application.html.erb (Duration: 13.8ms | Allocations: 6600)
Completed 200 OK in 20ms (Views: 15.9ms | ActiveRecord: 0.3ms | Allocations: 9134)


Started GET "/suppliers" for ::1 at 2023-02-12 15:29:12 -0300
Processing by SuppliersController#index as HTML
  [1m[36mUser Load (0.2ms)[0m  [1m[34mSELECT "users".* FROM "users" WHERE "users"."id" = ? ORDER BY "users"."id" ASC LIMIT ?[0m  [["id", 1], ["LIMIT", 1]]
  Rendering layout layouts/application.html.erb
  Rendering suppliers/index.html.erb within layouts/application
  [1m[36mSupplier Load (0.2ms)[0m  [1m[34mSELECT "suppliers".* FROM "suppliers"[0m
  ↳ app/views/suppliers/index.html.erb:5
  Rendered suppliers/index.html.erb within layouts/application (Duration: 4.0ms | Allocations: 1330)
[Webpacker] Everything's up-to-date. Nothing to do
  Rendered layout layouts/application.html.erb (Duration: 10.5ms | Allocations: 5247)
Completed 200 OK in 21ms (Views: 13.1ms | ActiveRecord: 0.4ms | Allocations: 9097)


Started GET "/categories" for ::1 at 2023-02-12 15:29:12 -0300
Processing by CategoriesController#index as HTML
  [1m[36mUser Load (0.1ms)[0m  [1m[34mSELECT "users".* FROM "users" WHERE "users"."id" = ? ORDER BY "users"."id" ASC LIMIT ?[0m  [["id", 1], ["LIMIT", 1]]
  Rendering layout layouts/application.html.erb
  Rendering categories/index.html.erb within layouts/application
  [1m[36mCategory Load (0.2ms)[0m  [1m[34mSELECT "categories".* FROM "categories"[0m
  ↳ app/views/categories/index.html.erb:5
  Rendered categories/index.html.erb within layouts/application (Duration: 24.7ms | Allocations: 935)
[Webpacker] Everything's up-to-date. Nothing to do
  Rendered layout layouts/application.html.erb (Duration: 85.8ms | Allocations: 4562)
Completed 200 OK in 92ms (Views: 88.9ms | ActiveRecord: 0.3ms | Allocations: 7058)


Started GET "/product_models" for ::1 at 2023-02-12 15:29:14 -0300
Processing by ProductModelsController#index as HTML
  [1m[36mUser Load (0.3ms)[0m  [1m[34mSELECT "users".* FROM "users" WHERE "users"."id" = ? ORDER BY "users"."id" ASC LIMIT ?[0m  [["id", 1], ["LIMIT", 1]]
  Rendering layout layouts/application.html.erb
  Rendering product_models/index.html.erb within layouts/application
  [1m[36mProductModel Load (0.2ms)[0m  [1m[34mSELECT "product_models".* FROM "product_models"[0m
  ↳ app/views/product_models/index.html.erb:7
  Rendered product_models/index.html.erb within layouts/application (Duration: 3.4ms | Allocations: 1311)
[Webpacker] Everything's up-to-date. Nothing to do
  Rendered layout layouts/application.html.erb (Duration: 9.6ms | Allocations: 5182)
Completed 200 OK in 27ms (Views: 12.0ms | ActiveRecord: 0.5ms | Allocations: 10326)


Started GET "/categories/new" for ::1 at 2023-02-12 15:29:14 -0300
Processing by CategoriesController#new as HTML
  [1m[36mUser Load (0.1ms)[0m  [1m[34mSELECT "users".* FROM "users" WHERE "users"."id" = ? ORDER BY "users"."id" ASC LIMIT ?[0m  [["id", 1], ["LIMIT", 1]]
  Rendering layout layouts/application.html.erb
  Rendering categories/new.html.erb within layouts/application
  Rendered categories/new.html.erb within layouts/application (Duration: 1.8ms | Allocations: 574)
[Webpacker] Everything's up-to-date. Nothing to do
  Rendered layout layouts/application.html.erb (Duration: 12.4ms | Allocations: 4187)
Completed 200 OK in 17ms (Views: 13.4ms | ActiveRecord: 0.1ms | Allocations: 5985)


Started GET "/suppliers/new" for ::1 at 2023-02-12 15:29:15 -0300
Processing by SuppliersController#new as HTML
  [1m[36mUser Load (0.1ms)[0m  [1m[34mSELECT "users".* FROM "users" WHERE "users"."id" = ? ORDER BY "users"."id" ASC LIMIT ?[0m  [["id", 1], ["LIMIT", 1]]
  Rendering layout layouts/application.html.erb
  Rendering suppliers/new.html.erb within layouts/application
  Rendered suppliers/new.html.erb within layouts/application (Duration: 2.6ms | Allocations: 1515)
[Webpacker] Everything's up-to-date. Nothing to do
  Rendered layout layouts/application.html.erb (Duration: 9.1ms | Allocations: 5233)
Completed 200 OK in 20ms (Views: 10.1ms | ActiveRecord: 0.6ms | Allocations: 10812)


Started GET "/warehouses/new" for ::1 at 2023-02-12 15:29:15 -0300
Processing by WarehousesController#new as HTML
  [1m[36mUser Load (0.1ms)[0m  [1m[34mSELECT "users".* FROM "users" WHERE "users"."id" = ? ORDER BY "users"."id" ASC LIMIT ?[0m  [["id", 1], ["LIMIT", 1]]
  Rendering layout layouts/application.html.erb
  Rendering warehouses/new.html.erb within layouts/application
  [1m[36mCategory Load (0.1ms)[0m  [1m[34mSELECT "categories".* FROM "categories"[0m
  ↳ app/views/warehouses/new.html.erb:49
  Rendered warehouses/new.html.erb within layouts/application (Duration: 16.4ms | Allocations: 5315)
[Webpacker] Everything's up-to-date. Nothing to do
  Rendered layout layouts/application.html.erb (Duration: 23.0ms | Allocations: 9171)
Completed 200 OK in 38ms (Views: 25.3ms | ActiveRecord: 1.1ms | Allocations: 16649)


Started GET "/product_models/new" for ::1 at 2023-02-12 15:29:16 -0300
Processing by ProductModelsController#new as HTML
  [1m[36mUser Load (0.2ms)[0m  [1m[34mSELECT "users".* FROM "users" WHERE "users"."id" = ? ORDER BY "users"."id" ASC LIMIT ?[0m  [["id", 1], ["LIMIT", 1]]
  Rendering layout layouts/application.html.erb
  Rendering product_models/new.html.erb within layouts/application
  [1m[36mSupplier Load (0.1ms)[0m  [1m[34mSELECT "suppliers".* FROM "suppliers"[0m
  ↳ app/views/product_models/new.html.erb:34
  [1m[36mCategory Load (0.1ms)[0m  [1m[34mSELECT "categories".* FROM "categories"[0m
  ↳ app/views/product_models/new.html.erb:38
  Rendered product_models/new.html.erb within layouts/application (Duration: 11.6ms | Allocations: 3854)
[Webpacker] Everything's up-to-date. Nothing to do
  Rendered layout layouts/application.html.erb (Duration: 17.9ms | Allocations: 7654)
Completed 200 OK in 30ms (Views: 18.7ms | ActiveRecord: 0.9ms | Allocations: 14735)


Started GET "/warehouses/new" for ::1 at 2023-02-12 15:29:18 -0300
Processing by WarehousesController#new as HTML
  [1m[36mUser Load (0.1ms)[0m  [1m[34mSELECT "users".* FROM "users" WHERE "users"."id" = ? ORDER BY "users"."id" ASC LIMIT ?[0m  [["id", 1], ["LIMIT", 1]]
  Rendering layout layouts/application.html.erb
  Rendering warehouses/new.html.erb within layouts/application
  [1m[36mCategory Load (0.1ms)[0m  [1m[34mSELECT "categories".* FROM "categories"[0m
  ↳ app/views/warehouses/new.html.erb:49
  Rendered warehouses/new.html.erb within layouts/application (Duration: 7.6ms | Allocations: 2986)
[Webpacker] Everything's up-to-date. Nothing to do
  Rendered layout layouts/application.html.erb (Duration: 16.5ms | Allocations: 6726)
Completed 200 OK in 22ms (Views: 18.4ms | ActiveRecord: 0.2ms | Allocations: 8927)


Started GET "/suppliers/new" for ::1 at 2023-02-12 15:29:18 -0300
Processing by SuppliersController#new as HTML
  [1m[36mUser Load (0.1ms)[0m  [1m[34mSELECT "users".* FROM "users" WHERE "users"."id" = ? ORDER BY "users"."id" ASC LIMIT ?[0m  [["id", 1], ["LIMIT", 1]]
  Rendering layout layouts/application.html.erb
  Rendering suppliers/new.html.erb within layouts/application
  Rendered suppliers/new.html.erb within layouts/application (Duration: 1.7ms | Allocations: 1015)
[Webpacker] Everything's up-to-date. Nothing to do
  Rendered layout layouts/application.html.erb (Duration: 11.8ms | Allocations: 4624)
Completed 200 OK in 17ms (Views: 12.9ms | ActiveRecord: 0.1ms | Allocations: 6284)


